{"C:\\Users\\Yosseuf\\Desktop\\Projects\\Quickstay\\server\\generated\\prisma\\client.ts": {"path":"C:\\Users\\Yosseuf\\Desktop\\Projects\\Quickstay\\server\\generated\\prisma\\client.ts","statementMap":{"0":{"start":{"line":16,"column":0},"end":{"line":16,"column":null}},"1":{"start":{"line":40,"column":28},"end":{"line":40,"column":null}}},"fnMap":{},"branchMap":{},"s":{"0":4,"1":4},"f":{},"b":{},"meta":{"lastBranch":0,"lastFunction":0,"lastStatement":2,"seen":{"s:16:0:16:Infinity":0,"s:40:28:40:Infinity":1},"fnNames":{}}}
,"C:\\Users\\Yosseuf\\Desktop\\Projects\\Quickstay\\server\\generated\\prisma\\enums.ts": {"path":"C:\\Users\\Yosseuf\\Desktop\\Projects\\Quickstay\\server\\generated\\prisma\\enums.ts","statementMap":{"0":{"start":{"line":12,"column":20},"end":{"line":15,"column":null}}},"fnMap":{},"branchMap":{},"s":{"0":4},"f":{},"b":{},"meta":{"lastBranch":0,"lastFunction":0,"lastStatement":1,"seen":{"s:12:20:15:Infinity":0},"fnNames":{}}}
,"C:\\Users\\Yosseuf\\Desktop\\Projects\\Quickstay\\server\\generated\\prisma\\internal\\class.ts": {"path":"C:\\Users\\Yosseuf\\Desktop\\Projects\\Quickstay\\server\\generated\\prisma\\internal\\class.ts","statementMap":{"0":{"start":{"line":18,"column":46},"end":{"line":33,"column":null}},"1":{"start":{"line":35,"column":0},"end":{"line":35,"column":null}},"2":{"start":{"line":36,"column":0},"end":{"line":39,"column":null}},"3":{"start":{"line":42,"column":21},"end":{"line":42,"column":null}},"4":{"start":{"line":43,"column":20},"end":{"line":43,"column":null}},"5":{"start":{"line":44,"column":2},"end":{"line":44,"column":null}},"6":{"start":{"line":47,"column":0},"end":{"line":56,"column":null}},"7":{"start":{"line":48,"column":26},"end":{"line":48,"column":null}},"8":{"start":{"line":51,"column":21},"end":{"line":51,"column":null}},"9":{"start":{"line":52,"column":4},"end":{"line":52,"column":null}},"10":{"start":{"line":233,"column":2},"end":{"line":233,"column":null}}},"fnMap":{"0":{"name":"decodeBase64AsWasm","decl":{"start":{"line":41,"column":15},"end":{"line":41,"column":34}},"loc":{"start":{"line":41,"column":83},"end":{"line":45,"column":null}},"line":41},"1":{"name":"(anonymous_1)","decl":{"start":{"line":48,"column":14},"end":{"line":48,"column":26}},"loc":{"start":{"line":48,"column":26},"end":{"line":48,"column":null}},"line":48},"2":{"name":"(anonymous_2)","decl":{"start":{"line":50,"column":30},"end":{"line":50,"column":42}},"loc":{"start":{"line":50,"column":42},"end":{"line":53,"column":null}},"line":50},"3":{"name":"getPrismaClientClass","decl":{"start":{"line":232,"column":16},"end":{"line":232,"column":64}},"loc":{"start":{"line":232,"column":64},"end":{"line":234,"column":null}},"line":232}},"branchMap":{},"s":{"0":4,"1":4,"2":4,"3":2,"4":2,"5":2,"6":4,"7":2,"8":2,"9":2,"10":4},"f":{"0":2,"1":2,"2":2,"3":4},"b":{},"meta":{"lastBranch":0,"lastFunction":4,"lastStatement":11,"seen":{"s:18:46:33:Infinity":0,"s:35:0:35:Infinity":1,"s:36:0:39:Infinity":2,"f:41:15:41:34":0,"s:42:21:42:Infinity":3,"s:43:20:43:Infinity":4,"s:44:2:44:Infinity":5,"s:47:0:56:Infinity":6,"f:48:14:48:26":1,"s:48:26:48:Infinity":7,"f:50:30:50:42":2,"s:51:21:51:Infinity":8,"s:52:4:52:Infinity":9,"f:232:16:232:64":3,"s:233:2:233:Infinity":10},"fnNames":{}}}
,"C:\\Users\\Yosseuf\\Desktop\\Projects\\Quickstay\\server\\generated\\prisma\\internal\\prismaNamespace.ts": {"path":"C:\\Users\\Yosseuf\\Desktop\\Projects\\Quickstay\\server\\generated\\prisma\\internal\\prismaNamespace.ts","statementMap":{"0":{"start":{"line":32,"column":45},"end":{"line":32,"column":null}},"1":{"start":{"line":35,"column":47},"end":{"line":35,"column":null}},"2":{"start":{"line":38,"column":42},"end":{"line":38,"column":null}},"3":{"start":{"line":41,"column":47},"end":{"line":41,"column":null}},"4":{"start":{"line":44,"column":43},"end":{"line":44,"column":null}},"5":{"start":{"line":50,"column":19},"end":{"line":50,"column":null}},"6":{"start":{"line":51,"column":21},"end":{"line":51,"column":null}},"7":{"start":{"line":52,"column":20},"end":{"line":52,"column":null}},"8":{"start":{"line":53,"column":19},"end":{"line":53,"column":null}},"9":{"start":{"line":54,"column":19},"end":{"line":54,"column":null}},"10":{"start":{"line":62,"column":23},"end":{"line":62,"column":null}},"11":{"start":{"line":71,"column":35},"end":{"line":71,"column":null}},"12":{"start":{"line":86,"column":44},"end":{"line":89,"column":null}},"13":{"start":{"line":104,"column":25},"end":{"line":108,"column":null}},"14":{"start":{"line":114,"column":22},"end":{"line":114,"column":null}},"15":{"start":{"line":121,"column":24},"end":{"line":121,"column":null}},"16":{"start":{"line":128,"column":23},"end":{"line":128,"column":null}},"17":{"start":{"line":386,"column":25},"end":{"line":391,"column":null}},"18":{"start":{"line":735,"column":41},"end":{"line":740,"column":null}},"19":{"start":{"line":745,"column":35},"end":{"line":753,"column":null}},"20":{"start":{"line":758,"column":36},"end":{"line":766,"column":null}},"21":{"start":{"line":771,"column":34},"end":{"line":775,"column":null}},"22":{"start":{"line":780,"column":39},"end":{"line":783,"column":null}},"23":{"start":{"line":788,"column":25},"end":{"line":791,"column":null}},"24":{"start":{"line":796,"column":25},"end":{"line":799,"column":null}},"25":{"start":{"line":872,"column":31},"end":{"line":872,"column":null}}},"fnMap":{},"branchMap":{},"s":{"0":4,"1":4,"2":4,"3":4,"4":4,"5":4,"6":4,"7":4,"8":4,"9":4,"10":4,"11":4,"12":4,"13":4,"14":4,"15":4,"16":4,"17":4,"18":4,"19":4,"20":4,"21":4,"22":4,"23":4,"24":4,"25":4},"f":{},"b":{},"meta":{"lastBranch":0,"lastFunction":0,"lastStatement":26,"seen":{"s:32:45:32:Infinity":0,"s:35:47:35:Infinity":1,"s:38:42:38:Infinity":2,"s:41:47:41:Infinity":3,"s:44:43:44:Infinity":4,"s:50:19:50:Infinity":5,"s:51:21:51:Infinity":6,"s:52:20:52:Infinity":7,"s:53:19:53:Infinity":8,"s:54:19:54:Infinity":9,"s:62:23:62:Infinity":10,"s:71:35:71:Infinity":11,"s:86:44:89:Infinity":12,"s:104:25:108:Infinity":13,"s:114:22:114:Infinity":14,"s:121:24:121:Infinity":15,"s:128:23:128:Infinity":16,"s:386:25:391:Infinity":17,"s:735:41:740:Infinity":18,"s:745:35:753:Infinity":19,"s:758:36:766:Infinity":20,"s:771:34:775:Infinity":21,"s:780:39:783:Infinity":22,"s:788:25:791:Infinity":23,"s:796:25:799:Infinity":24,"s:872:31:872:Infinity":25},"fnNames":{}}}
,"C:\\Users\\Yosseuf\\Desktop\\Projects\\Quickstay\\server\\src\\app.ts": {"path":"C:\\Users\\Yosseuf\\Desktop\\Projects\\Quickstay\\server\\src\\app.ts","statementMap":{"0":{"start":{"line":12,"column":0},"end":{"line":12,"column":null}},"1":{"start":{"line":14,"column":6},"end":{"line":14,"column":null}},"2":{"start":{"line":16,"column":0},"end":{"line":16,"column":null}},"3":{"start":{"line":17,"column":0},"end":{"line":17,"column":null}},"4":{"start":{"line":18,"column":0},"end":{"line":18,"column":null}},"5":{"start":{"line":20,"column":0},"end":{"line":20,"column":null}},"6":{"start":{"line":21,"column":0},"end":{"line":21,"column":null}},"7":{"start":{"line":22,"column":0},"end":{"line":22,"column":null}}},"fnMap":{},"branchMap":{},"s":{"0":3,"1":3,"2":3,"3":3,"4":3,"5":3,"6":3,"7":3},"f":{},"b":{},"meta":{"lastBranch":0,"lastFunction":0,"lastStatement":8,"seen":{"s:12:0:12:Infinity":0,"s:14:6:14:Infinity":1,"s:16:0:16:Infinity":2,"s:17:0:17:Infinity":3,"s:18:0:18:Infinity":4,"s:20:0:20:Infinity":5,"s:21:0:21:Infinity":6,"s:22:0:22:Infinity":7},"fnNames":{}}}
,"C:\\Users\\Yosseuf\\Desktop\\Projects\\Quickstay\\server\\src\\controllers\\authController.ts": {"path":"C:\\Users\\Yosseuf\\Desktop\\Projects\\Quickstay\\server\\src\\controllers\\authController.ts","statementMap":{"0":{"start":{"line":14,"column":26},"end":{"line":14,"column":null}},"1":{"start":{"line":15,"column":27},"end":{"line":15,"column":null}},"2":{"start":{"line":17,"column":28},"end":{"line":17,"column":null}},"3":{"start":{"line":18,"column":36},"end":{"line":18,"column":null}},"4":{"start":{"line":20,"column":6},"end":{"line":20,"column":null}},"5":{"start":{"line":22,"column":21},"end":{"line":66,"column":null}},"6":{"start":{"line":23,"column":25},"end":{"line":23,"column":null}},"7":{"start":{"line":25,"column":4},"end":{"line":25,"column":null}},"8":{"start":{"line":25,"column":22},"end":{"line":25,"column":null}},"9":{"start":{"line":27,"column":4},"end":{"line":65,"column":null}},"10":{"start":{"line":28,"column":26},"end":{"line":28,"column":null}},"11":{"start":{"line":29,"column":24},"end":{"line":29,"column":null}},"12":{"start":{"line":31,"column":14},"end":{"line":31,"column":null}},"13":{"start":{"line":32,"column":14},"end":{"line":32,"column":null}},"14":{"start":{"line":34,"column":8},"end":{"line":34,"column":null}},"15":{"start":{"line":35,"column":29},"end":{"line":35,"column":null}},"16":{"start":{"line":37,"column":8},"end":{"line":39,"column":null}},"17":{"start":{"line":38,"column":12},"end":{"line":38,"column":null}},"18":{"start":{"line":41,"column":31},"end":{"line":41,"column":null}},"19":{"start":{"line":43,"column":8},"end":{"line":43,"column":null}},"20":{"start":{"line":45,"column":8},"end":{"line":45,"column":null}},"21":{"start":{"line":47,"column":8},"end":{"line":47,"column":null}},"22":{"start":{"line":49,"column":8},"end":{"line":49,"column":null}},"23":{"start":{"line":52,"column":8},"end":{"line":52,"column":null}},"24":{"start":{"line":53,"column":9},"end":{"line":64,"column":null}},"25":{"start":{"line":54,"column":12},"end":{"line":63,"column":null}},"26":{"start":{"line":56,"column":20},"end":{"line":56,"column":null}},"27":{"start":{"line":58,"column":20},"end":{"line":58,"column":null}},"28":{"start":{"line":60,"column":20},"end":{"line":60,"column":null}},"29":{"start":{"line":62,"column":20},"end":{"line":62,"column":null}},"30":{"start":{"line":68,"column":17},"end":{"line":105,"column":null}},"31":{"start":{"line":69,"column":62},"end":{"line":69,"column":null}},"32":{"start":{"line":71,"column":4},"end":{"line":104,"column":null}},"33":{"start":{"line":72,"column":29},"end":{"line":72,"column":null}},"34":{"start":{"line":74,"column":21},"end":{"line":74,"column":null}},"35":{"start":{"line":76,"column":31},"end":{"line":76,"column":null}},"36":{"start":{"line":78,"column":8},"end":{"line":80,"column":null}},"37":{"start":{"line":79,"column":12},"end":{"line":79,"column":null}},"38":{"start":{"line":82,"column":21},"end":{"line":97,"column":null}},"39":{"start":{"line":99,"column":8},"end":{"line":99,"column":null}},"40":{"start":{"line":102,"column":8},"end":{"line":102,"column":null}},"41":{"start":{"line":103,"column":8},"end":{"line":103,"column":null}},"42":{"start":{"line":108,"column":14},"end":{"line":135,"column":null}},"43":{"start":{"line":109,"column":32},"end":{"line":109,"column":null}},"44":{"start":{"line":111,"column":4},"end":{"line":134,"column":null}},"45":{"start":{"line":112,"column":21},"end":{"line":112,"column":null}},"46":{"start":{"line":114,"column":8},"end":{"line":114,"column":null}},"47":{"start":{"line":114,"column":18},"end":{"line":114,"column":null}},"48":{"start":{"line":116,"column":8},"end":{"line":116,"column":null}},"49":{"start":{"line":116,"column":59},"end":{"line":116,"column":null}},"50":{"start":{"line":118,"column":24},"end":{"line":118,"column":null}},"51":{"start":{"line":120,"column":14},"end":{"line":120,"column":null}},"52":{"start":{"line":121,"column":14},"end":{"line":121,"column":null}},"53":{"start":{"line":123,"column":8},"end":{"line":123,"column":null}},"54":{"start":{"line":125,"column":8},"end":{"line":125,"column":null}},"55":{"start":{"line":127,"column":8},"end":{"line":127,"column":null}},"56":{"start":{"line":129,"column":8},"end":{"line":129,"column":null}},"57":{"start":{"line":132,"column":8},"end":{"line":132,"column":null}},"58":{"start":{"line":133,"column":8},"end":{"line":133,"column":null}},"59":{"start":{"line":137,"column":15},"end":{"line":146,"column":null}},"60":{"start":{"line":138,"column":4},"end":{"line":138,"column":null}},"61":{"start":{"line":138,"column":18},"end":{"line":138,"column":null}},"62":{"start":{"line":141,"column":4},"end":{"line":141,"column":null}},"63":{"start":{"line":143,"column":4},"end":{"line":143,"column":null}},"64":{"start":{"line":145,"column":4},"end":{"line":145,"column":null}},"65":{"start":{"line":148,"column":23},"end":{"line":167,"column":null}},"66":{"start":{"line":149,"column":4},"end":{"line":149,"column":null}},"67":{"start":{"line":149,"column":18},"end":{"line":149,"column":null}},"68":{"start":{"line":152,"column":19},"end":{"line":152,"column":null}},"69":{"start":{"line":154,"column":4},"end":{"line":165,"column":null}},"70":{"start":{"line":155,"column":21},"end":{"line":155,"column":null}},"71":{"start":{"line":157,"column":8},"end":{"line":159,"column":null}},"72":{"start":{"line":158,"column":12},"end":{"line":158,"column":null}},"73":{"start":{"line":161,"column":8},"end":{"line":161,"column":null}},"74":{"start":{"line":163,"column":8},"end":{"line":163,"column":null}},"75":{"start":{"line":164,"column":8},"end":{"line":164,"column":null}}},"fnMap":{"0":{"name":"(anonymous_0)","decl":{"start":{"line":22,"column":21},"end":{"line":22,"column":28}},"loc":{"start":{"line":22,"column":60},"end":{"line":66,"column":null}},"line":22},"1":{"name":"(anonymous_1)","decl":{"start":{"line":68,"column":17},"end":{"line":68,"column":24}},"loc":{"start":{"line":68,"column":56},"end":{"line":105,"column":null}},"line":68},"2":{"name":"(anonymous_2)","decl":{"start":{"line":108,"column":14},"end":{"line":108,"column":21}},"loc":{"start":{"line":108,"column":53},"end":{"line":135,"column":null}},"line":108},"3":{"name":"(anonymous_3)","decl":{"start":{"line":137,"column":15},"end":{"line":137,"column":22}},"loc":{"start":{"line":137,"column":67},"end":{"line":146,"column":null}},"line":137},"4":{"name":"(anonymous_4)","decl":{"start":{"line":148,"column":23},"end":{"line":148,"column":30}},"loc":{"start":{"line":148,"column":75},"end":{"line":167,"column":null}},"line":148}},"branchMap":{"0":{"loc":{"start":{"line":17,"column":28},"end":{"line":17,"column":null}},"type":"binary-expr","locations":[{"start":{"line":17,"column":28},"end":{"line":17,"column":63}},{"start":{"line":17,"column":63},"end":{"line":17,"column":null}}],"line":17},"1":{"loc":{"start":{"line":18,"column":36},"end":{"line":18,"column":null}},"type":"binary-expr","locations":[{"start":{"line":18,"column":36},"end":{"line":18,"column":79}},{"start":{"line":18,"column":79},"end":{"line":18,"column":null}}],"line":18},"2":{"loc":{"start":{"line":25,"column":4},"end":{"line":25,"column":null}},"type":"if","locations":[{"start":{"line":25,"column":4},"end":{"line":25,"column":null}},{"start":{},"end":{}}],"line":25},"3":{"loc":{"start":{"line":37,"column":8},"end":{"line":39,"column":null}},"type":"if","locations":[{"start":{"line":37,"column":8},"end":{"line":39,"column":null}},{"start":{},"end":{}}],"line":37},"4":{"loc":{"start":{"line":38,"column":61},"end":{"line":38,"column":101}},"type":"binary-expr","locations":[{"start":{"line":38,"column":61},"end":{"line":38,"column":84}},{"start":{"line":38,"column":84},"end":{"line":38,"column":101}}],"line":38},"5":{"loc":{"start":{"line":41,"column":31},"end":{"line":41,"column":null}},"type":"cond-expr","locations":[{"start":{"line":41,"column":48},"end":{"line":41,"column":83}},{"start":{"line":41,"column":83},"end":{"line":41,"column":null}}],"line":41},"6":{"loc":{"start":{"line":53,"column":9},"end":{"line":64,"column":null}},"type":"if","locations":[{"start":{"line":53,"column":9},"end":{"line":64,"column":null}},{"start":{},"end":{}}],"line":53},"7":{"loc":{"start":{"line":53,"column":12},"end":{"line":53,"column":94}},"type":"binary-expr","locations":[{"start":{"line":53,"column":12},"end":{"line":53,"column":54}},{"start":{"line":53,"column":54},"end":{"line":53,"column":94}}],"line":53},"8":{"loc":{"start":{"line":54,"column":12},"end":{"line":63,"column":null}},"type":"switch","locations":[{"start":{"line":55,"column":16},"end":{"line":56,"column":null}},{"start":{"line":57,"column":16},"end":{"line":58,"column":null}},{"start":{"line":59,"column":16},"end":{"line":60,"column":null}},{"start":{"line":61,"column":16},"end":{"line":62,"column":null}}],"line":54},"9":{"loc":{"start":{"line":78,"column":8},"end":{"line":80,"column":null}},"type":"if","locations":[{"start":{"line":78,"column":8},"end":{"line":80,"column":null}},{"start":{},"end":{}}],"line":78},"10":{"loc":{"start":{"line":114,"column":8},"end":{"line":114,"column":null}},"type":"if","locations":[{"start":{"line":114,"column":8},"end":{"line":114,"column":null}},{"start":{},"end":{}}],"line":114},"11":{"loc":{"start":{"line":116,"column":8},"end":{"line":116,"column":null}},"type":"if","locations":[{"start":{"line":116,"column":8},"end":{"line":116,"column":null}},{"start":{},"end":{}}],"line":116},"12":{"loc":{"start":{"line":138,"column":4},"end":{"line":138,"column":null}},"type":"if","locations":[{"start":{"line":138,"column":4},"end":{"line":138,"column":null}},{"start":{},"end":{}}],"line":138},"13":{"loc":{"start":{"line":149,"column":4},"end":{"line":149,"column":null}},"type":"if","locations":[{"start":{"line":149,"column":4},"end":{"line":149,"column":null}},{"start":{},"end":{}}],"line":149},"14":{"loc":{"start":{"line":157,"column":8},"end":{"line":159,"column":null}},"type":"if","locations":[{"start":{"line":157,"column":8},"end":{"line":159,"column":null}},{"start":{},"end":{}}],"line":157}},"s":{"0":3,"1":3,"2":3,"3":3,"4":3,"5":3,"6":6,"7":6,"8":1,"9":5,"10":5,"11":5,"12":5,"13":5,"14":5,"15":5,"16":4,"17":1,"18":3,"19":6,"20":6,"21":3,"22":3,"23":1,"24":1,"25":1,"26":0,"27":0,"28":1,"29":0,"30":3,"31":3,"32":3,"33":3,"34":3,"35":3,"36":3,"37":1,"38":2,"39":2,"40":0,"41":0,"42":3,"43":7,"44":7,"45":7,"46":7,"47":1,"48":6,"49":6,"50":5,"51":5,"52":5,"53":5,"54":5,"55":5,"56":5,"57":0,"58":0,"59":3,"60":1,"61":0,"62":1,"63":1,"64":1,"65":3,"66":0,"67":0,"68":0,"69":0,"70":0,"71":0,"72":0,"73":0,"74":0,"75":0},"f":{"0":6,"1":3,"2":7,"3":1,"4":0},"b":{"0":[3,3],"1":[3,1],"2":[1,5],"3":[1,3],"4":[1,0],"5":[3,0],"6":[1,0],"7":[1,0],"8":[0,0,1,0],"9":[1,2],"10":[1,6],"11":[1,5],"12":[0,1],"13":[0,0],"14":[0,0]},"meta":{"lastBranch":15,"lastFunction":5,"lastStatement":76,"seen":{"s:14:26:14:Infinity":0,"s:15:27:15:Infinity":1,"s:17:28:17:Infinity":2,"b:17:28:17:63:17:63:17:Infinity":0,"s:18:36:18:Infinity":3,"b:18:36:18:79:18:79:18:Infinity":1,"s:20:6:20:Infinity":4,"s:22:21:66:Infinity":5,"f:22:21:22:28":0,"s:23:25:23:Infinity":6,"b:25:4:25:Infinity:undefined:undefined:undefined:undefined":2,"s:25:4:25:Infinity":7,"s:25:22:25:Infinity":8,"s:27:4:65:Infinity":9,"s:28:26:28:Infinity":10,"s:29:24:29:Infinity":11,"s:31:14:31:Infinity":12,"s:32:14:32:Infinity":13,"s:34:8:34:Infinity":14,"s:35:29:35:Infinity":15,"b:37:8:39:Infinity:undefined:undefined:undefined:undefined":3,"s:37:8:39:Infinity":16,"s:38:12:38:Infinity":17,"b:38:61:38:84:38:84:38:101":4,"s:41:31:41:Infinity":18,"b:41:48:41:83:41:83:41:Infinity":5,"s:43:8:43:Infinity":19,"s:45:8:45:Infinity":20,"s:47:8:47:Infinity":21,"s:49:8:49:Infinity":22,"s:52:8:52:Infinity":23,"b:53:9:64:Infinity:undefined:undefined:undefined:undefined":6,"s:53:9:64:Infinity":24,"b:53:12:53:54:53:54:53:94":7,"b:55:16:56:Infinity:57:16:58:Infinity:59:16:60:Infinity:61:16:62:Infinity":8,"s:54:12:63:Infinity":25,"s:56:20:56:Infinity":26,"s:58:20:58:Infinity":27,"s:60:20:60:Infinity":28,"s:62:20:62:Infinity":29,"s:68:17:105:Infinity":30,"f:68:17:68:24":1,"s:69:62:69:Infinity":31,"s:71:4:104:Infinity":32,"s:72:29:72:Infinity":33,"s:74:21:74:Infinity":34,"s:76:31:76:Infinity":35,"b:78:8:80:Infinity:undefined:undefined:undefined:undefined":9,"s:78:8:80:Infinity":36,"s:79:12:79:Infinity":37,"s:82:21:97:Infinity":38,"s:99:8:99:Infinity":39,"s:102:8:102:Infinity":40,"s:103:8:103:Infinity":41,"s:108:14:135:Infinity":42,"f:108:14:108:21":2,"s:109:32:109:Infinity":43,"s:111:4:134:Infinity":44,"s:112:21:112:Infinity":45,"b:114:8:114:Infinity:undefined:undefined:undefined:undefined":10,"s:114:8:114:Infinity":46,"s:114:18:114:Infinity":47,"b:116:8:116:Infinity:undefined:undefined:undefined:undefined":11,"s:116:8:116:Infinity":48,"s:116:59:116:Infinity":49,"s:118:24:118:Infinity":50,"s:120:14:120:Infinity":51,"s:121:14:121:Infinity":52,"s:123:8:123:Infinity":53,"s:125:8:125:Infinity":54,"s:127:8:127:Infinity":55,"s:129:8:129:Infinity":56,"s:132:8:132:Infinity":57,"s:133:8:133:Infinity":58,"s:137:15:146:Infinity":59,"f:137:15:137:22":3,"b:138:4:138:Infinity:undefined:undefined:undefined:undefined":12,"s:138:4:138:Infinity":60,"s:138:18:138:Infinity":61,"s:141:4:141:Infinity":62,"s:143:4:143:Infinity":63,"s:145:4:145:Infinity":64,"s:148:23:167:Infinity":65,"f:148:23:148:30":4,"b:149:4:149:Infinity:undefined:undefined:undefined:undefined":13,"s:149:4:149:Infinity":66,"s:149:18:149:Infinity":67,"s:152:19:152:Infinity":68,"s:154:4:165:Infinity":69,"s:155:21:155:Infinity":70,"b:157:8:159:Infinity:undefined:undefined:undefined:undefined":14,"s:157:8:159:Infinity":71,"s:158:12:158:Infinity":72,"s:161:8:161:Infinity":73,"s:163:8:163:Infinity":74,"s:164:8:164:Infinity":75},"fnNames":{}}}
,"C:\\Users\\Yosseuf\\Desktop\\Projects\\Quickstay\\server\\src\\controllers\\hotelController.ts": {"path":"C:\\Users\\Yosseuf\\Desktop\\Projects\\Quickstay\\server\\src\\controllers\\hotelController.ts","statementMap":{"0":{"start":{"line":6,"column":17},"end":{"line":28,"column":null}},"1":{"start":{"line":7,"column":83},"end":{"line":7,"column":null}},"2":{"start":{"line":8,"column":4},"end":{"line":27,"column":null}},"3":{"start":{"line":9,"column":8},"end":{"line":24,"column":null}},"4":{"start":{"line":18,"column":64},"end":{"line":21,"column":22}},"5":{"start":{"line":30,"column":18},"end":{"line":43,"column":null}},"6":{"start":{"line":33,"column":18},"end":{"line":33,"column":null}},"7":{"start":{"line":34,"column":18},"end":{"line":34,"column":null}},"8":{"start":{"line":36,"column":4},"end":{"line":42,"column":null}},"9":{"start":{"line":37,"column":23},"end":{"line":37,"column":null}},"10":{"start":{"line":38,"column":8},"end":{"line":38,"column":null}},"11":{"start":{"line":40,"column":8},"end":{"line":40,"column":null}},"12":{"start":{"line":41,"column":8},"end":{"line":41,"column":null}},"13":{"start":{"line":45,"column":21},"end":{"line":64,"column":null}},"14":{"start":{"line":46,"column":15},"end":{"line":46,"column":null}},"15":{"start":{"line":48,"column":4},"end":{"line":63,"column":null}},"16":{"start":{"line":49,"column":8},"end":{"line":51,"column":null}},"17":{"start":{"line":50,"column":12},"end":{"line":50,"column":null}},"18":{"start":{"line":53,"column":22},"end":{"line":53,"column":null}},"19":{"start":{"line":55,"column":8},"end":{"line":57,"column":null}},"20":{"start":{"line":56,"column":12},"end":{"line":56,"column":null}},"21":{"start":{"line":59,"column":8},"end":{"line":59,"column":null}},"22":{"start":{"line":61,"column":8},"end":{"line":61,"column":null}},"23":{"start":{"line":62,"column":8},"end":{"line":62,"column":null}}},"fnMap":{"0":{"name":"(anonymous_0)","decl":{"start":{"line":6,"column":17},"end":{"line":6,"column":24}},"loc":{"start":{"line":6,"column":56},"end":{"line":28,"column":null}},"line":6},"1":{"name":"(anonymous_1)","decl":{"start":{"line":18,"column":42},"end":{"line":18,"column":47}},"loc":{"start":{"line":18,"column":64},"end":{"line":21,"column":22}},"line":18},"2":{"name":"(anonymous_2)","decl":{"start":{"line":30,"column":18},"end":{"line":30,"column":25}},"loc":{"start":{"line":30,"column":57},"end":{"line":43,"column":null}},"line":30},"3":{"name":"(anonymous_3)","decl":{"start":{"line":45,"column":21},"end":{"line":45,"column":28}},"loc":{"start":{"line":45,"column":60},"end":{"line":64,"column":null}},"line":45}},"branchMap":{"0":{"loc":{"start":{"line":34,"column":18},"end":{"line":34,"column":null}},"type":"binary-expr","locations":[{"start":{"line":34,"column":18},"end":{"line":34,"column":55}},{"start":{"line":34,"column":55},"end":{"line":34,"column":null}}],"line":34},"1":{"loc":{"start":{"line":49,"column":8},"end":{"line":51,"column":null}},"type":"if","locations":[{"start":{"line":49,"column":8},"end":{"line":51,"column":null}},{"start":{},"end":{}}],"line":49},"2":{"loc":{"start":{"line":49,"column":11},"end":{"line":49,"column":42}},"type":"binary-expr","locations":[{"start":{"line":49,"column":11},"end":{"line":49,"column":18}},{"start":{"line":49,"column":18},"end":{"line":49,"column":42}}],"line":49},"3":{"loc":{"start":{"line":55,"column":8},"end":{"line":57,"column":null}},"type":"if","locations":[{"start":{"line":55,"column":8},"end":{"line":57,"column":null}},{"start":{},"end":{}}],"line":55}},"s":{"0":3,"1":0,"2":0,"3":0,"4":0,"5":3,"6":0,"7":0,"8":0,"9":0,"10":0,"11":0,"12":0,"13":3,"14":0,"15":0,"16":0,"17":0,"18":0,"19":0,"20":0,"21":0,"22":0,"23":0},"f":{"0":0,"1":0,"2":0,"3":0},"b":{"0":[0,0],"1":[0,0],"2":[0,0],"3":[0,0]},"meta":{"lastBranch":4,"lastFunction":4,"lastStatement":24,"seen":{"s:6:17:28:Infinity":0,"f:6:17:6:24":0,"s:7:83:7:Infinity":1,"s:8:4:27:Infinity":2,"s:9:8:24:Infinity":3,"f:18:42:18:47":1,"s:18:64:21:22":4,"s:30:18:43:Infinity":5,"f:30:18:30:25":2,"s:33:18:33:Infinity":6,"s:34:18:34:Infinity":7,"b:34:18:34:55:34:55:34:Infinity":0,"s:36:4:42:Infinity":8,"s:37:23:37:Infinity":9,"s:38:8:38:Infinity":10,"s:40:8:40:Infinity":11,"s:41:8:41:Infinity":12,"s:45:21:64:Infinity":13,"f:45:21:45:28":3,"s:46:15:46:Infinity":14,"s:48:4:63:Infinity":15,"b:49:8:51:Infinity:undefined:undefined:undefined:undefined":1,"s:49:8:51:Infinity":16,"b:49:11:49:18:49:18:49:42":2,"s:50:12:50:Infinity":17,"s:53:22:53:Infinity":18,"b:55:8:57:Infinity:undefined:undefined:undefined:undefined":3,"s:55:8:57:Infinity":19,"s:56:12:56:Infinity":20,"s:59:8:59:Infinity":21,"s:61:8:61:Infinity":22,"s:62:8:62:Infinity":23},"fnNames":{}}}
,"C:\\Users\\Yosseuf\\Desktop\\Projects\\Quickstay\\server\\src\\controllers\\sessionController.ts": {"path":"C:\\Users\\Yosseuf\\Desktop\\Projects\\Quickstay\\server\\src\\controllers\\sessionController.ts","statementMap":{"0":{"start":{"line":10,"column":6},"end":{"line":10,"column":null}},"1":{"start":{"line":12,"column":22},"end":{"line":30,"column":null}},"2":{"start":{"line":13,"column":10},"end":{"line":13,"column":null}},"3":{"start":{"line":15,"column":22},"end":{"line":15,"column":null}},"4":{"start":{"line":16,"column":28},"end":{"line":16,"column":null}},"5":{"start":{"line":18,"column":34},"end":{"line":18,"column":null}},"6":{"start":{"line":20,"column":4},"end":{"line":22,"column":null}},"7":{"start":{"line":21,"column":8},"end":{"line":21,"column":null}},"8":{"start":{"line":24,"column":4},"end":{"line":27,"column":null}},"9":{"start":{"line":25,"column":8},"end":{"line":25,"column":null}},"10":{"start":{"line":26,"column":8},"end":{"line":26,"column":null}},"11":{"start":{"line":29,"column":4},"end":{"line":29,"column":null}},"12":{"start":{"line":32,"column":26},"end":{"line":39,"column":null}},"13":{"start":{"line":33,"column":34},"end":{"line":33,"column":null}},"14":{"start":{"line":34,"column":4},"end":{"line":38,"column":null}},"15":{"start":{"line":35,"column":8},"end":{"line":35,"column":null}},"16":{"start":{"line":37,"column":8},"end":{"line":37,"column":null}},"17":{"start":{"line":41,"column":23},"end":{"line":69,"column":null}},"18":{"start":{"line":42,"column":34},"end":{"line":42,"column":null}},"19":{"start":{"line":44,"column":4},"end":{"line":68,"column":null}},"20":{"start":{"line":45,"column":14},"end":{"line":45,"column":null}},"21":{"start":{"line":47,"column":28},"end":{"line":47,"column":null}},"22":{"start":{"line":48,"column":29},"end":{"line":48,"column":null}},"23":{"start":{"line":50,"column":8},"end":{"line":52,"column":null}},"24":{"start":{"line":51,"column":12},"end":{"line":51,"column":null}},"25":{"start":{"line":54,"column":8},"end":{"line":57,"column":null}},"26":{"start":{"line":55,"column":12},"end":{"line":55,"column":null}},"27":{"start":{"line":55,"column":56},"end":{"line":55,"column":133}},"28":{"start":{"line":55,"column":152},"end":{"line":55,"column":214}},"29":{"start":{"line":56,"column":12},"end":{"line":56,"column":null}},"30":{"start":{"line":59,"column":8},"end":{"line":61,"column":null}},"31":{"start":{"line":60,"column":12},"end":{"line":60,"column":null}},"32":{"start":{"line":63,"column":8},"end":{"line":63,"column":null}},"33":{"start":{"line":66,"column":8},"end":{"line":66,"column":null}},"34":{"start":{"line":67,"column":8},"end":{"line":67,"column":null}}},"fnMap":{"0":{"name":"(anonymous_0)","decl":{"start":{"line":12,"column":22},"end":{"line":12,"column":29}},"loc":{"start":{"line":12,"column":106},"end":{"line":30,"column":null}},"line":12},"1":{"name":"(anonymous_1)","decl":{"start":{"line":32,"column":26},"end":{"line":32,"column":33}},"loc":{"start":{"line":32,"column":54},"end":{"line":39,"column":null}},"line":32},"2":{"name":"(anonymous_2)","decl":{"start":{"line":41,"column":23},"end":{"line":41,"column":30}},"loc":{"start":{"line":41,"column":66},"end":{"line":69,"column":null}},"line":41},"3":{"name":"(anonymous_3)","decl":{"start":{"line":55,"column":45},"end":{"line":55,"column":56}},"loc":{"start":{"line":55,"column":56},"end":{"line":55,"column":133}},"line":55},"4":{"name":"(anonymous_4)","decl":{"start":{"line":55,"column":135},"end":{"line":55,"column":142}},"loc":{"start":{"line":55,"column":152},"end":{"line":55,"column":214}},"line":55}},"branchMap":{"0":{"loc":{"start":{"line":10,"column":54},"end":{"line":10,"column":102}},"type":"binary-expr","locations":[{"start":{"line":10,"column":54},"end":{"line":10,"column":97}},{"start":{"line":10,"column":97},"end":{"line":10,"column":102}}],"line":10},"1":{"loc":{"start":{"line":12,"column":62},"end":{"line":12,"column":106}},"type":"default-arg","locations":[{"start":{"line":12,"column":74},"end":{"line":12,"column":106}}],"line":12},"2":{"loc":{"start":{"line":20,"column":4},"end":{"line":22,"column":null}},"type":"if","locations":[{"start":{"line":20,"column":4},"end":{"line":22,"column":null}},{"start":{},"end":{}}],"line":20},"3":{"loc":{"start":{"line":20,"column":7},"end":{"line":20,"column":40}},"type":"binary-expr","locations":[{"start":{"line":20,"column":7},"end":{"line":20,"column":18}},{"start":{"line":20,"column":18},"end":{"line":20,"column":32}},{"start":{"line":20,"column":32},"end":{"line":20,"column":40}}],"line":20},"4":{"loc":{"start":{"line":24,"column":4},"end":{"line":27,"column":null}},"type":"if","locations":[{"start":{"line":24,"column":4},"end":{"line":27,"column":null}},{"start":{},"end":{}}],"line":24},"5":{"loc":{"start":{"line":50,"column":8},"end":{"line":52,"column":null}},"type":"if","locations":[{"start":{"line":50,"column":8},"end":{"line":52,"column":null}},{"start":{},"end":{}}],"line":50},"6":{"loc":{"start":{"line":54,"column":8},"end":{"line":57,"column":null}},"type":"if","locations":[{"start":{"line":54,"column":8},"end":{"line":57,"column":null}},{"start":{},"end":{}}],"line":54},"7":{"loc":{"start":{"line":54,"column":11},"end":{"line":54,"column":48}},"type":"binary-expr","locations":[{"start":{"line":54,"column":11},"end":{"line":54,"column":27}},{"start":{"line":54,"column":27},"end":{"line":54,"column":48}}],"line":54},"8":{"loc":{"start":{"line":59,"column":8},"end":{"line":61,"column":null}},"type":"if","locations":[{"start":{"line":59,"column":8},"end":{"line":61,"column":null}},{"start":{},"end":{}}],"line":59},"9":{"loc":{"start":{"line":59,"column":11},"end":{"line":59,"column":56}},"type":"binary-expr","locations":[{"start":{"line":59,"column":11},"end":{"line":59,"column":27}},{"start":{"line":59,"column":27},"end":{"line":59,"column":56}}],"line":59}},"s":{"0":4,"1":4,"2":20,"3":20,"4":20,"5":20,"6":20,"7":0,"8":20,"9":6,"10":6,"11":20,"12":4,"13":4,"14":4,"15":4,"16":0,"17":4,"18":9,"19":9,"20":9,"21":9,"22":9,"23":9,"24":1,"25":8,"26":2,"27":2,"28":0,"29":2,"30":6,"31":2,"32":4,"33":0,"34":0},"f":{"0":20,"1":4,"2":9,"3":2,"4":0},"b":{"0":[4,2],"1":[20],"2":[0,20],"3":[20,20,20],"4":[6,14],"5":[1,8],"6":[2,6],"7":[8,2],"8":[2,4],"9":[6,4]},"meta":{"lastBranch":10,"lastFunction":5,"lastStatement":35,"seen":{"s:10:6:10:Infinity":0,"b:10:54:10:97:10:97:10:102":0,"s:12:22:30:Infinity":1,"f:12:22:12:29":0,"b:12:74:12:106":1,"s:13:10:13:Infinity":2,"s:15:22:15:Infinity":3,"s:16:28:16:Infinity":4,"s:18:34:18:Infinity":5,"b:20:4:22:Infinity:undefined:undefined:undefined:undefined":2,"s:20:4:22:Infinity":6,"b:20:7:20:18:20:18:20:32:20:32:20:40":3,"s:21:8:21:Infinity":7,"b:24:4:27:Infinity:undefined:undefined:undefined:undefined":4,"s:24:4:27:Infinity":8,"s:25:8:25:Infinity":9,"s:26:8:26:Infinity":10,"s:29:4:29:Infinity":11,"s:32:26:39:Infinity":12,"f:32:26:32:33":1,"s:33:34:33:Infinity":13,"s:34:4:38:Infinity":14,"s:35:8:35:Infinity":15,"s:37:8:37:Infinity":16,"s:41:23:69:Infinity":17,"f:41:23:41:30":2,"s:42:34:42:Infinity":18,"s:44:4:68:Infinity":19,"s:45:14:45:Infinity":20,"s:47:28:47:Infinity":21,"s:48:29:48:Infinity":22,"b:50:8:52:Infinity:undefined:undefined:undefined:undefined":5,"s:50:8:52:Infinity":23,"s:51:12:51:Infinity":24,"b:54:8:57:Infinity:undefined:undefined:undefined:undefined":6,"s:54:8:57:Infinity":25,"b:54:11:54:27:54:27:54:48":7,"s:55:12:55:Infinity":26,"f:55:45:55:56":3,"s:55:56:55:133":27,"f:55:135:55:142":4,"s:55:152:55:214":28,"s:56:12:56:Infinity":29,"b:59:8:61:Infinity:undefined:undefined:undefined:undefined":8,"s:59:8:61:Infinity":30,"b:59:11:59:27:59:27:59:56":9,"s:60:12:60:Infinity":31,"s:63:8:63:Infinity":32,"s:66:8:66:Infinity":33,"s:67:8:67:Infinity":34},"fnNames":{}}}
,"C:\\Users\\Yosseuf\\Desktop\\Projects\\Quickstay\\server\\src\\controllers\\userController.ts": {"path":"C:\\Users\\Yosseuf\\Desktop\\Projects\\Quickstay\\server\\src\\controllers\\userController.ts","statementMap":{"0":{"start":{"line":5,"column":20},"end":{"line":31,"column":null}},"1":{"start":{"line":6,"column":19},"end":{"line":6,"column":null}},"2":{"start":{"line":8,"column":4},"end":{"line":10,"column":null}},"3":{"start":{"line":9,"column":8},"end":{"line":9,"column":null}},"4":{"start":{"line":12,"column":17},"end":{"line":22,"column":null}},"5":{"start":{"line":24,"column":4},"end":{"line":26,"column":null}},"6":{"start":{"line":25,"column":8},"end":{"line":25,"column":null}},"7":{"start":{"line":28,"column":4},"end":{"line":28,"column":null}},"8":{"start":{"line":30,"column":4},"end":{"line":30,"column":null}},"9":{"start":{"line":33,"column":20},"end":{"line":45,"column":null}},"10":{"start":{"line":34,"column":18},"end":{"line":43,"column":null}},"11":{"start":{"line":44,"column":4},"end":{"line":44,"column":null}}},"fnMap":{"0":{"name":"(anonymous_0)","decl":{"start":{"line":5,"column":20},"end":{"line":5,"column":27}},"loc":{"start":{"line":5,"column":59},"end":{"line":31,"column":null}},"line":5},"1":{"name":"(anonymous_1)","decl":{"start":{"line":33,"column":20},"end":{"line":33,"column":27}},"loc":{"start":{"line":33,"column":57},"end":{"line":45,"column":null}},"line":33}},"branchMap":{"0":{"loc":{"start":{"line":8,"column":4},"end":{"line":10,"column":null}},"type":"if","locations":[{"start":{"line":8,"column":4},"end":{"line":10,"column":null}},{"start":{},"end":{}}],"line":8},"1":{"loc":{"start":{"line":8,"column":7},"end":{"line":8,"column":38}},"type":"binary-expr","locations":[{"start":{"line":8,"column":7},"end":{"line":8,"column":14}},{"start":{"line":8,"column":14},"end":{"line":8,"column":38}}],"line":8},"2":{"loc":{"start":{"line":24,"column":4},"end":{"line":26,"column":null}},"type":"if","locations":[{"start":{"line":24,"column":4},"end":{"line":26,"column":null}},{"start":{},"end":{}}],"line":24}},"s":{"0":3,"1":0,"2":0,"3":0,"4":0,"5":0,"6":0,"7":0,"8":0,"9":3,"10":0,"11":0},"f":{"0":0,"1":0},"b":{"0":[0,0],"1":[0,0],"2":[0,0]},"meta":{"lastBranch":3,"lastFunction":2,"lastStatement":12,"seen":{"s:5:20:31:Infinity":0,"f:5:20:5:27":0,"s:6:19:6:Infinity":1,"b:8:4:10:Infinity:undefined:undefined:undefined:undefined":0,"s:8:4:10:Infinity":2,"b:8:7:8:14:8:14:8:38":1,"s:9:8:9:Infinity":3,"s:12:17:22:Infinity":4,"b:24:4:26:Infinity:undefined:undefined:undefined:undefined":2,"s:24:4:26:Infinity":5,"s:25:8:25:Infinity":6,"s:28:4:28:Infinity":7,"s:30:4:30:Infinity":8,"s:33:20:45:Infinity":9,"f:33:20:33:27":1,"s:34:18:43:Infinity":10,"s:44:4:44:Infinity":11},"fnNames":{}}}
,"C:\\Users\\Yosseuf\\Desktop\\Projects\\Quickstay\\server\\src\\db\\prisma.ts": {"path":"C:\\Users\\Yosseuf\\Desktop\\Projects\\Quickstay\\server\\src\\db\\prisma.ts","statementMap":{"0":{"start":{"line":5,"column":25},"end":{"line":5,"column":null}},"1":{"start":{"line":7,"column":16},"end":{"line":7,"column":null}},"2":{"start":{"line":8,"column":15},"end":{"line":8,"column":null}}},"fnMap":{},"branchMap":{},"s":{"0":1,"1":1,"2":1},"f":{},"b":{},"meta":{"lastBranch":0,"lastFunction":0,"lastStatement":3,"seen":{"s:5:25:5:Infinity":0,"s:7:16:7:Infinity":1,"s:8:15:8:Infinity":2},"fnNames":{}}}
,"C:\\Users\\Yosseuf\\Desktop\\Projects\\Quickstay\\server\\src\\db\\redis.ts": {"path":"C:\\Users\\Yosseuf\\Desktop\\Projects\\Quickstay\\server\\src\\db\\redis.ts","statementMap":{"0":{"start":{"line":3,"column":20},"end":{"line":3,"column":null}},"1":{"start":{"line":5,"column":6},"end":{"line":12,"column":null}},"2":{"start":{"line":14,"column":0},"end":{"line":14,"column":null}},"3":{"start":{"line":14,"column":26},"end":{"line":14,"column":66}}},"fnMap":{"0":{"name":"(anonymous_0)","decl":{"start":{"line":14,"column":10},"end":{"line":14,"column":19}},"loc":{"start":{"line":14,"column":26},"end":{"line":14,"column":66}},"line":14}},"branchMap":{"0":{"loc":{"start":{"line":3,"column":20},"end":{"line":3,"column":null}},"type":"binary-expr","locations":[{"start":{"line":3,"column":20},"end":{"line":3,"column":50}},{"start":{"line":3,"column":50},"end":{"line":3,"column":null}}],"line":3}},"s":{"0":1,"1":1,"2":1,"3":0},"f":{"0":0},"b":{"0":[1,1]},"meta":{"lastBranch":1,"lastFunction":1,"lastStatement":4,"seen":{"s:3:20:3:Infinity":0,"b:3:20:3:50:3:50:3:Infinity":0,"s:5:6:12:Infinity":1,"s:14:0:14:Infinity":2,"f:14:10:14:19":0,"s:14:26:14:66":3},"fnNames":{}}}
,"C:\\Users\\Yosseuf\\Desktop\\Projects\\Quickstay\\server\\src\\middleware\\authenticationMiddleware.ts": {"path":"C:\\Users\\Yosseuf\\Desktop\\Projects\\Quickstay\\server\\src\\middleware\\authenticationMiddleware.ts","statementMap":{"0":{"start":{"line":5,"column":6},"end":{"line":41,"column":null}},"1":{"start":{"line":6,"column":23},"end":{"line":6,"column":null}},"2":{"start":{"line":8,"column":18},"end":{"line":8,"column":null}},"3":{"start":{"line":10,"column":4},"end":{"line":10,"column":null}},"4":{"start":{"line":12,"column":4},"end":{"line":14,"column":null}},"5":{"start":{"line":13,"column":8},"end":{"line":13,"column":null}},"6":{"start":{"line":16,"column":4},"end":{"line":40,"column":null}},"7":{"start":{"line":17,"column":29},"end":{"line":17,"column":null}},"8":{"start":{"line":18,"column":8},"end":{"line":18,"column":null}},"9":{"start":{"line":19,"column":8},"end":{"line":19,"column":null}},"10":{"start":{"line":20,"column":8},"end":{"line":20,"column":null}},"11":{"start":{"line":22,"column":8},"end":{"line":22,"column":null}},"12":{"start":{"line":23,"column":8},"end":{"line":23,"column":null}},"13":{"start":{"line":24,"column":8},"end":{"line":39,"column":null}},"14":{"start":{"line":25,"column":12},"end":{"line":38,"column":null}},"15":{"start":{"line":27,"column":20},"end":{"line":27,"column":null}},"16":{"start":{"line":29,"column":20},"end":{"line":29,"column":null}},"17":{"start":{"line":31,"column":20},"end":{"line":31,"column":null}},"18":{"start":{"line":33,"column":20},"end":{"line":33,"column":null}},"19":{"start":{"line":35,"column":20},"end":{"line":35,"column":null}},"20":{"start":{"line":37,"column":20},"end":{"line":37,"column":null}}},"fnMap":{"0":{"name":"(anonymous_0)","decl":{"start":{"line":5,"column":6},"end":{"line":5,"column":29}},"loc":{"start":{"line":5,"column":85},"end":{"line":41,"column":null}},"line":5}},"branchMap":{"0":{"loc":{"start":{"line":12,"column":4},"end":{"line":14,"column":null}},"type":"if","locations":[{"start":{"line":12,"column":4},"end":{"line":14,"column":null}},{"start":{},"end":{}}],"line":12},"1":{"loc":{"start":{"line":12,"column":7},"end":{"line":12,"column":52}},"type":"binary-expr","locations":[{"start":{"line":12,"column":7},"end":{"line":12,"column":17}},{"start":{"line":12,"column":17},"end":{"line":12,"column":52}}],"line":12},"2":{"loc":{"start":{"line":24,"column":8},"end":{"line":39,"column":null}},"type":"if","locations":[{"start":{"line":24,"column":8},"end":{"line":39,"column":null}},{"start":{},"end":{}}],"line":24},"3":{"loc":{"start":{"line":24,"column":11},"end":{"line":24,"column":93}},"type":"binary-expr","locations":[{"start":{"line":24,"column":11},"end":{"line":24,"column":53}},{"start":{"line":24,"column":53},"end":{"line":24,"column":93}}],"line":24},"4":{"loc":{"start":{"line":25,"column":12},"end":{"line":38,"column":null}},"type":"switch","locations":[{"start":{"line":26,"column":16},"end":{"line":27,"column":null}},{"start":{"line":28,"column":16},"end":{"line":29,"column":null}},{"start":{"line":30,"column":16},"end":{"line":31,"column":null}},{"start":{"line":32,"column":16},"end":{"line":33,"column":null}},{"start":{"line":34,"column":16},"end":{"line":35,"column":null}},{"start":{"line":36,"column":16},"end":{"line":37,"column":null}}],"line":25}},"s":{"0":3,"1":7,"2":7,"3":7,"4":7,"5":2,"6":5,"7":5,"8":5,"9":5,"10":5,"11":3,"12":3,"13":3,"14":3,"15":1,"16":0,"17":0,"18":0,"19":2,"20":0},"f":{"0":7},"b":{"0":[2,5],"1":[7,5],"2":[3,0],"3":[3,0],"4":[1,0,0,0,2,0]},"meta":{"lastBranch":5,"lastFunction":1,"lastStatement":21,"seen":{"s:5:6:41:Infinity":0,"f:5:6:5:29":0,"s:6:23:6:Infinity":1,"s:8:18:8:Infinity":2,"s:10:4:10:Infinity":3,"b:12:4:14:Infinity:undefined:undefined:undefined:undefined":0,"s:12:4:14:Infinity":4,"b:12:7:12:17:12:17:12:52":1,"s:13:8:13:Infinity":5,"s:16:4:40:Infinity":6,"s:17:29:17:Infinity":7,"s:18:8:18:Infinity":8,"s:19:8:19:Infinity":9,"s:20:8:20:Infinity":10,"s:22:8:22:Infinity":11,"s:23:8:23:Infinity":12,"b:24:8:39:Infinity:undefined:undefined:undefined:undefined":2,"s:24:8:39:Infinity":13,"b:24:11:24:53:24:53:24:93":3,"b:26:16:27:Infinity:28:16:29:Infinity:30:16:31:Infinity:32:16:33:Infinity:34:16:35:Infinity:36:16:37:Infinity":4,"s:25:12:38:Infinity":14,"s:27:20:27:Infinity":15,"s:29:20:29:Infinity":16,"s:31:20:31:Infinity":17,"s:33:20:33:Infinity":18,"s:35:20:35:Infinity":19,"s:37:20:37:Infinity":20},"fnNames":{}}}
,"C:\\Users\\Yosseuf\\Desktop\\Projects\\Quickstay\\server\\src\\middleware\\authorizationMiddleware.ts": {"path":"C:\\Users\\Yosseuf\\Desktop\\Projects\\Quickstay\\server\\src\\middleware\\authorizationMiddleware.ts","statementMap":{"0":{"start":{"line":4,"column":6},"end":{"line":19,"column":null}},"1":{"start":{"line":4,"column":66},"end":{"line":19,"column":null}},"2":{"start":{"line":5,"column":17},"end":{"line":5,"column":null}},"3":{"start":{"line":7,"column":21},"end":{"line":7,"column":null}},"4":{"start":{"line":9,"column":4},"end":{"line":11,"column":null}},"5":{"start":{"line":10,"column":8},"end":{"line":10,"column":null}},"6":{"start":{"line":13,"column":4},"end":{"line":15,"column":null}},"7":{"start":{"line":14,"column":8},"end":{"line":14,"column":null}},"8":{"start":{"line":17,"column":4},"end":{"line":17,"column":null}}},"fnMap":{"0":{"name":"(anonymous_0)","decl":{"start":{"line":4,"column":6},"end":{"line":4,"column":28}},"loc":{"start":{"line":4,"column":66},"end":{"line":19,"column":null}},"line":4},"1":{"name":"(anonymous_1)","decl":{"start":{"line":4,"column":66},"end":{"line":4,"column":120}},"loc":{"start":{"line":4,"column":185},"end":{"line":19,"column":null}},"line":4}},"branchMap":{"0":{"loc":{"start":{"line":7,"column":21},"end":{"line":7,"column":null}},"type":"cond-expr","locations":[{"start":{"line":7,"column":35},"end":{"line":7,"column":54}},{"start":{"line":7,"column":54},"end":{"line":7,"column":null}}],"line":7},"1":{"loc":{"start":{"line":9,"column":4},"end":{"line":11,"column":null}},"type":"if","locations":[{"start":{"line":9,"column":4},"end":{"line":11,"column":null}},{"start":{},"end":{}}],"line":9},"2":{"loc":{"start":{"line":13,"column":4},"end":{"line":15,"column":null}},"type":"if","locations":[{"start":{"line":13,"column":4},"end":{"line":15,"column":null}},{"start":{},"end":{}}],"line":13}},"s":{"0":4,"1":10,"2":4,"3":4,"4":4,"5":1,"6":3,"7":2,"8":1},"f":{"0":10,"1":4},"b":{"0":[1,3],"1":[1,3],"2":[2,1]},"meta":{"lastBranch":3,"lastFunction":2,"lastStatement":9,"seen":{"s:4:6:19:Infinity":0,"f:4:6:4:28":0,"s:4:66:19:Infinity":1,"f:4:66:4:120":1,"s:5:17:5:Infinity":2,"s:7:21:7:Infinity":3,"b:7:35:7:54:7:54:7:Infinity":0,"b:9:4:11:Infinity:undefined:undefined:undefined:undefined":1,"s:9:4:11:Infinity":4,"s:10:8:10:Infinity":5,"b:13:4:15:Infinity:undefined:undefined:undefined:undefined":2,"s:13:4:15:Infinity":6,"s:14:8:14:Infinity":7,"s:17:4:17:Infinity":8},"fnNames":{}}}
,"C:\\Users\\Yosseuf\\Desktop\\Projects\\Quickstay\\server\\src\\middleware\\validationMiddleware.ts": {"path":"C:\\Users\\Yosseuf\\Desktop\\Projects\\Quickstay\\server\\src\\middleware\\validationMiddleware.ts","statementMap":{"0":{"start":{"line":3,"column":13},"end":{"line":19,"column":null}},"1":{"start":{"line":4,"column":4},"end":{"line":18,"column":null}},"2":{"start":{"line":5,"column":8},"end":{"line":17,"column":null}},"3":{"start":{"line":6,"column":12},"end":{"line":6,"column":null}},"4":{"start":{"line":7,"column":12},"end":{"line":7,"column":null}},"5":{"start":{"line":9,"column":12},"end":{"line":16,"column":null}},"6":{"start":{"line":10,"column":31},"end":{"line":10,"column":null}},"7":{"start":{"line":10,"column":75},"end":{"line":10,"column":132}},"8":{"start":{"line":11,"column":16},"end":{"line":11,"column":null}},"9":{"start":{"line":13,"column":16},"end":{"line":13,"column":null}},"10":{"start":{"line":15,"column":16},"end":{"line":15,"column":null}}},"fnMap":{"0":{"name":"(anonymous_0)","decl":{"start":{"line":3,"column":13},"end":{"line":3,"column":32}},"loc":{"start":{"line":3,"column":54},"end":{"line":19,"column":null}},"line":3},"1":{"name":"(anonymous_1)","decl":{"start":{"line":4,"column":4},"end":{"line":4,"column":12}},"loc":{"start":{"line":4,"column":46},"end":{"line":18,"column":null}},"line":4},"2":{"name":"(anonymous_2)","decl":{"start":{"line":10,"column":44},"end":{"line":10,"column":53}},"loc":{"start":{"line":10,"column":75},"end":{"line":10,"column":132}},"line":10}},"branchMap":{"0":{"loc":{"start":{"line":9,"column":12},"end":{"line":16,"column":null}},"type":"if","locations":[{"start":{"line":9,"column":12},"end":{"line":16,"column":null}},{"start":{"line":14,"column":19},"end":{"line":16,"column":null}}],"line":9}},"s":{"0":3,"1":6,"2":10,"3":10,"4":10,"5":0,"6":0,"7":0,"8":0,"9":0,"10":0},"f":{"0":6,"1":10,"2":0},"b":{"0":[0,0]},"meta":{"lastBranch":1,"lastFunction":3,"lastStatement":11,"seen":{"s:3:13:19:Infinity":0,"f:3:13:3:32":0,"s:4:4:18:Infinity":1,"f:4:4:4:12":1,"s:5:8:17:Infinity":2,"s:6:12:6:Infinity":3,"s:7:12:7:Infinity":4,"b:9:12:16:Infinity:14:19:16:Infinity":0,"s:9:12:16:Infinity":5,"s:10:31:10:Infinity":6,"f:10:44:10:53":2,"s:10:75:10:132":7,"s:11:16:11:Infinity":8,"s:13:16:13:Infinity":9,"s:15:16:15:Infinity":10},"fnNames":{}}}
,"C:\\Users\\Yosseuf\\Desktop\\Projects\\Quickstay\\server\\src\\models\\Hotel.ts": {"path":"C:\\Users\\Yosseuf\\Desktop\\Projects\\Quickstay\\server\\src\\models\\Hotel.ts","statementMap":{"0":{"start":{"line":6,"column":8},"end":{"line":13,"column":null}},"1":{"start":{"line":17,"column":23},"end":{"line":23,"column":null}},"2":{"start":{"line":24,"column":8},"end":{"line":24,"column":null}},"3":{"start":{"line":28,"column":22},"end":{"line":35,"column":null}},"4":{"start":{"line":37,"column":8},"end":{"line":37,"column":null}}},"fnMap":{"0":{"name":"createHotel","decl":{"start":{"line":5,"column":17},"end":{"line":5,"column":29}},"loc":{"start":{"line":5,"column":61},"end":{"line":14,"column":null}},"line":5},"1":{"name":"getHotels","decl":{"start":{"line":16,"column":17},"end":{"line":16,"column":27}},"loc":{"start":{"line":16,"column":58},"end":{"line":25,"column":null}},"line":16},"2":{"name":"getHotelById","decl":{"start":{"line":27,"column":17},"end":{"line":27,"column":30}},"loc":{"start":{"line":27,"column":42},"end":{"line":38,"column":null}},"line":27}},"branchMap":{"0":{"loc":{"start":{"line":18,"column":16},"end":{"line":18,"column":null}},"type":"cond-expr","locations":[{"start":{"line":18,"column":24},"end":{"line":18,"column":42}},{"start":{"line":18,"column":42},"end":{"line":18,"column":null}}],"line":18}},"s":{"0":0,"1":0,"2":0,"3":0,"4":0},"f":{"0":3,"1":3,"2":3},"b":{"0":[0,0]},"meta":{"lastBranch":1,"lastFunction":3,"lastStatement":5,"seen":{"f:5:17:5:29":0,"s:6:8:13:Infinity":0,"f:16:17:16:27":1,"s:17:23:23:Infinity":1,"b:18:24:18:42:18:42:18:Infinity":0,"s:24:8:24:Infinity":2,"f:27:17:27:30":2,"s:28:22:35:Infinity":3,"s:37:8:37:Infinity":4},"fnNames":{}}}
,"C:\\Users\\Yosseuf\\Desktop\\Projects\\Quickstay\\server\\src\\policies\\userPolicies.ts": {"path":"C:\\Users\\Yosseuf\\Desktop\\Projects\\Quickstay\\server\\src\\policies\\userPolicies.ts","statementMap":{"0":{"start":{"line":1,"column":6},"end":{"line":6,"column":null}},"1":{"start":{"line":2,"column":25},"end":{"line":2,"column":null}},"2":{"start":{"line":5,"column":4},"end":{"line":5,"column":null}},"3":{"start":{"line":8,"column":6},"end":{"line":10,"column":null}},"4":{"start":{"line":9,"column":4},"end":{"line":9,"column":null}}},"fnMap":{"0":{"name":"(anonymous_0)","decl":{"start":{"line":1,"column":6},"end":{"line":1,"column":20}},"loc":{"start":{"line":1,"column":85},"end":{"line":6,"column":null}},"line":1},"1":{"name":"(anonymous_1)","decl":{"start":{"line":8,"column":6},"end":{"line":8,"column":24}},"loc":{"start":{"line":8,"column":51},"end":{"line":10,"column":null}},"line":8}},"branchMap":{"0":{"loc":{"start":{"line":5,"column":11},"end":{"line":5,"column":null}},"type":"binary-expr","locations":[{"start":{"line":5,"column":11},"end":{"line":5,"column":31}},{"start":{"line":5,"column":31},"end":{"line":5,"column":null}}],"line":5}},"s":{"0":4,"1":2,"2":2,"3":4,"4":2},"f":{"0":2,"1":2},"b":{"0":[2,1]},"meta":{"lastBranch":1,"lastFunction":2,"lastStatement":5,"seen":{"s:1:6:6:Infinity":0,"f:1:6:1:20":0,"s:2:25:2:Infinity":1,"s:5:4:5:Infinity":2,"b:5:11:5:31:5:31:5:Infinity":0,"s:8:6:10:Infinity":3,"f:8:6:8:24":1,"s:9:4:9:Infinity":4},"fnNames":{}}}
,"C:\\Users\\Yosseuf\\Desktop\\Projects\\Quickstay\\server\\src\\routes\\authRoutes.ts": {"path":"C:\\Users\\Yosseuf\\Desktop\\Projects\\Quickstay\\server\\src\\routes\\authRoutes.ts","statementMap":{"0":{"start":{"line":9,"column":15},"end":{"line":9,"column":null}},"1":{"start":{"line":11,"column":0},"end":{"line":11,"column":null}},"2":{"start":{"line":12,"column":0},"end":{"line":12,"column":null}},"3":{"start":{"line":13,"column":0},"end":{"line":13,"column":null}},"4":{"start":{"line":14,"column":0},"end":{"line":14,"column":null}},"5":{"start":{"line":15,"column":0},"end":{"line":15,"column":null}}},"fnMap":{},"branchMap":{},"s":{"0":3,"1":3,"2":3,"3":3,"4":3,"5":3},"f":{},"b":{},"meta":{"lastBranch":0,"lastFunction":0,"lastStatement":6,"seen":{"s:9:15:9:Infinity":0,"s:11:0:11:Infinity":1,"s:12:0:12:Infinity":2,"s:13:0:13:Infinity":3,"s:14:0:14:Infinity":4,"s:15:0:15:Infinity":5},"fnNames":{}}}
,"C:\\Users\\Yosseuf\\Desktop\\Projects\\Quickstay\\server\\src\\routes\\hotelRoutes.ts": {"path":"C:\\Users\\Yosseuf\\Desktop\\Projects\\Quickstay\\server\\src\\routes\\hotelRoutes.ts","statementMap":{"0":{"start":{"line":4,"column":15},"end":{"line":4,"column":null}},"1":{"start":{"line":6,"column":0},"end":{"line":6,"column":null}},"2":{"start":{"line":7,"column":0},"end":{"line":7,"column":null}}},"fnMap":{},"branchMap":{},"s":{"0":3,"1":3,"2":3},"f":{},"b":{},"meta":{"lastBranch":0,"lastFunction":0,"lastStatement":3,"seen":{"s:4:15:4:Infinity":0,"s:6:0:6:Infinity":1,"s:7:0:7:Infinity":2},"fnNames":{}}}
,"C:\\Users\\Yosseuf\\Desktop\\Projects\\Quickstay\\server\\src\\routes\\userRoutes.ts": {"path":"C:\\Users\\Yosseuf\\Desktop\\Projects\\Quickstay\\server\\src\\routes\\userRoutes.ts","statementMap":{"0":{"start":{"line":7,"column":15},"end":{"line":7,"column":null}},"1":{"start":{"line":9,"column":0},"end":{"line":12,"column":null}},"2":{"start":{"line":10,"column":68},"end":{"line":10,"column":81}},"3":{"start":{"line":14,"column":0},"end":{"line":14,"column":null}}},"fnMap":{"0":{"name":"(anonymous_0)","decl":{"start":{"line":10,"column":38},"end":{"line":10,"column":51}},"loc":{"start":{"line":10,"column":68},"end":{"line":10,"column":81}},"line":10}},"branchMap":{},"s":{"0":3,"1":3,"2":0,"3":3},"f":{"0":0},"b":{},"meta":{"lastBranch":0,"lastFunction":1,"lastStatement":4,"seen":{"s:7:15:7:Infinity":0,"s:9:0:12:Infinity":1,"f:10:38:10:51":0,"s:10:68:10:81":2,"s:14:0:14:Infinity":3},"fnNames":{}}}
,"C:\\Users\\Yosseuf\\Desktop\\Projects\\Quickstay\\server\\src\\utils\\response.ts": {"path":"C:\\Users\\Yosseuf\\Desktop\\Projects\\Quickstay\\server\\src\\utils\\response.ts","statementMap":{"0":{"start":{"line":3,"column":0},"end":{"line":11,"column":null}},"1":{"start":{"line":4,"column":4},"end":{"line":4,"column":null}},"2":{"start":{"line":5,"column":4},"end":{"line":5,"column":null}},"3":{"start":{"line":6,"column":4},"end":{"line":6,"column":null}},"4":{"start":{"line":7,"column":4},"end":{"line":7,"column":null}},"5":{"start":{"line":8,"column":4},"end":{"line":8,"column":null}},"6":{"start":{"line":9,"column":4},"end":{"line":9,"column":null}},"7":{"start":{"line":10,"column":4},"end":{"line":10,"column":null}},"8":{"start":{"line":13,"column":6},"end":{"line":18,"column":null}},"9":{"start":{"line":14,"column":4},"end":{"line":16,"column":null}},"10":{"start":{"line":15,"column":8},"end":{"line":15,"column":null}},"11":{"start":{"line":17,"column":4},"end":{"line":17,"column":null}}},"fnMap":{"0":{"name":"(anonymous_0)","decl":{"start":{"line":3,"column":0},"end":{"line":3,"column":5}},"loc":{"start":{"line":3,"column":0},"end":{"line":11,"column":null}},"line":3},"1":{"name":"(anonymous_1)","decl":{"start":{"line":13,"column":6},"end":{"line":13,"column":22}},"loc":{"start":{"line":13,"column":93},"end":{"line":18,"column":null}},"line":13}},"branchMap":{"0":{"loc":{"start":{"line":3,"column":5},"end":{"line":3,"column":null}},"type":"binary-expr","locations":[{"start":{"line":3,"column":5},"end":{"line":3,"column":null}},{"start":{"line":3,"column":5},"end":{"line":3,"column":null}}],"line":3},"1":{"loc":{"start":{"line":14,"column":4},"end":{"line":16,"column":null}},"type":"if","locations":[{"start":{"line":14,"column":4},"end":{"line":16,"column":null}},{"start":{},"end":{}}],"line":14},"2":{"loc":{"start":{"line":14,"column":7},"end":{"line":14,"column":29}},"type":"binary-expr","locations":[{"start":{"line":14,"column":7},"end":{"line":14,"column":19}},{"start":{"line":14,"column":19},"end":{"line":14,"column":29}}],"line":14}},"s":{"0":3,"1":3,"2":3,"3":3,"4":3,"5":3,"6":3,"7":3,"8":3,"9":16,"10":0,"11":16},"f":{"0":3,"1":16},"b":{"0":[3,3],"1":[0,16],"2":[16,6]},"meta":{"lastBranch":3,"lastFunction":2,"lastStatement":12,"seen":{"s:3:0:11:Infinity":0,"f:3:0:3:5":0,"s:4:4:4:Infinity":1,"s:5:4:5:Infinity":2,"s:6:4:6:Infinity":3,"s:7:4:7:Infinity":4,"s:8:4:8:Infinity":5,"s:9:4:9:Infinity":6,"s:10:4:10:Infinity":7,"b:3:5:3:Infinity:3:5:3:Infinity":0,"s:13:6:18:Infinity":8,"f:13:6:13:22":1,"b:14:4:16:Infinity:undefined:undefined:undefined:undefined":1,"s:14:4:16:Infinity":9,"b:14:7:14:19:14:19:14:29":2,"s:15:8:15:Infinity":10,"s:17:4:17:Infinity":11},"fnNames":{}}}
,"C:\\Users\\Yosseuf\\Desktop\\Projects\\Quickstay\\server\\src\\utils\\time.ts": {"path":"C:\\Users\\Yosseuf\\Desktop\\Projects\\Quickstay\\server\\src\\utils\\time.ts","statementMap":{"0":{"start":{"line":1,"column":28},"end":{"line":6,"column":null}},"1":{"start":{"line":9,"column":35},"end":{"line":9,"column":null}},"2":{"start":{"line":10,"column":4},"end":{"line":10,"column":null}},"3":{"start":{"line":10,"column":33},"end":{"line":10,"column":null}},"4":{"start":{"line":11,"column":4},"end":{"line":11,"column":null}},"5":{"start":{"line":11,"column":40},"end":{"line":11,"column":null}},"6":{"start":{"line":13,"column":4},"end":{"line":13,"column":null}}},"fnMap":{"0":{"name":"turnIntoTimestamp","decl":{"start":{"line":8,"column":16},"end":{"line":8,"column":34}},"loc":{"start":{"line":8,"column":83},"end":{"line":14,"column":null}},"line":8}},"branchMap":{"0":{"loc":{"start":{"line":8,"column":48},"end":{"line":8,"column":83}},"type":"default-arg","locations":[{"start":{"line":8,"column":77},"end":{"line":8,"column":83}}],"line":8},"1":{"loc":{"start":{"line":9,"column":67},"end":{"line":9,"column":131}},"type":"binary-expr","locations":[{"start":{"line":9,"column":67},"end":{"line":9,"column":106}},{"start":{"line":9,"column":106},"end":{"line":9,"column":113}},{"start":{"line":9,"column":113},"end":{"line":9,"column":120}},{"start":{"line":9,"column":120},"end":{"line":9,"column":127}},{"start":{"line":9,"column":127},"end":{"line":9,"column":131}}],"line":9},"2":{"loc":{"start":{"line":10,"column":4},"end":{"line":10,"column":null}},"type":"if","locations":[{"start":{"line":10,"column":4},"end":{"line":10,"column":null}},{"start":{},"end":{}}],"line":10},"3":{"loc":{"start":{"line":10,"column":7},"end":{"line":10,"column":33}},"type":"binary-expr","locations":[{"start":{"line":10,"column":7},"end":{"line":10,"column":21}},{"start":{"line":10,"column":21},"end":{"line":10,"column":33}}],"line":10},"4":{"loc":{"start":{"line":11,"column":4},"end":{"line":11,"column":null}},"type":"if","locations":[{"start":{"line":11,"column":4},"end":{"line":11,"column":null}},{"start":{},"end":{}}],"line":11},"5":{"loc":{"start":{"line":13,"column":58},"end":{"line":13,"column":null}},"type":"cond-expr","locations":[{"start":{"line":13,"column":81},"end":{"line":13,"column":88}},{"start":{"line":13,"column":88},"end":{"line":13,"column":null}}],"line":13}},"s":{"0":5,"1":21,"2":21,"3":2,"4":19,"5":12,"6":18},"f":{"0":21},"b":{"0":[21],"1":[21,0,0,0,0],"2":[2,19],"3":[21,19],"4":[1,18],"5":[17,1]},"meta":{"lastBranch":6,"lastFunction":1,"lastStatement":7,"seen":{"s:1:28:6:Infinity":0,"f:8:16:8:34":0,"b:8:77:8:83":0,"s:9:35:9:Infinity":1,"b:9:67:9:106:9:106:9:113:9:113:9:120:9:120:9:127:9:127:9:131":1,"b:10:4:10:Infinity:undefined:undefined:undefined:undefined":2,"s:10:4:10:Infinity":2,"b:10:7:10:21:10:21:10:33":3,"s:10:33:10:Infinity":3,"b:11:4:11:Infinity:undefined:undefined:undefined:undefined":4,"s:11:4:11:Infinity":4,"s:11:40:11:Infinity":5,"s:13:4:13:Infinity":6,"b:13:81:13:88:13:88:13:Infinity":5},"fnNames":{}}}
,"C:\\Users\\Yosseuf\\Desktop\\Projects\\Quickstay\\server\\src\\utils\\token.ts": {"path":"C:\\Users\\Yosseuf\\Desktop\\Projects\\Quickstay\\server\\src\\utils\\token.ts","statementMap":{"0":{"start":{"line":3,"column":13},"end":{"line":9,"column":null}},"1":{"start":{"line":4,"column":4},"end":{"line":4,"column":null}},"2":{"start":{"line":4,"column":89},"end":{"line":4,"column":null}},"3":{"start":{"line":6,"column":22},"end":{"line":6,"column":null}},"4":{"start":{"line":8,"column":4},"end":{"line":8,"column":null}}},"fnMap":{"0":{"name":"(anonymous_0)","decl":{"start":{"line":3,"column":13},"end":{"line":3,"column":30}},"loc":{"start":{"line":3,"column":87},"end":{"line":9,"column":null}},"line":3}},"branchMap":{"0":{"loc":{"start":{"line":4,"column":4},"end":{"line":4,"column":null}},"type":"if","locations":[{"start":{"line":4,"column":4},"end":{"line":4,"column":null}},{"start":{},"end":{}}],"line":4},"1":{"loc":{"start":{"line":4,"column":7},"end":{"line":4,"column":89}},"type":"binary-expr","locations":[{"start":{"line":4,"column":7},"end":{"line":4,"column":19}},{"start":{"line":4,"column":19},"end":{"line":4,"column":35}},{"start":{"line":4,"column":35},"end":{"line":4,"column":76}},{"start":{"line":4,"column":76},"end":{"line":4,"column":89}}],"line":4},"2":{"loc":{"start":{"line":6,"column":50},"end":{"line":6,"column":79}},"type":"binary-expr","locations":[{"start":{"line":6,"column":50},"end":{"line":6,"column":63}},{"start":{"line":6,"column":63},"end":{"line":6,"column":79}}],"line":6}},"s":{"0":3,"1":18,"2":0,"3":18,"4":18},"f":{"0":18},"b":{"0":[0,18],"1":[18,18,18,14],"2":[18,14]},"meta":{"lastBranch":3,"lastFunction":1,"lastStatement":5,"seen":{"s:3:13:9:Infinity":0,"f:3:13:3:30":0,"b:4:4:4:Infinity:undefined:undefined:undefined:undefined":0,"s:4:4:4:Infinity":1,"b:4:7:4:19:4:19:4:35:4:35:4:76:4:76:4:89":1,"s:4:89:4:Infinity":2,"s:6:22:6:Infinity":3,"b:6:50:6:63:6:63:6:79":2,"s:8:4:8:Infinity":4},"fnNames":{}}}
}
